<?xml version="1.0" encoding="UTF-8"?>
<!-- Generated by org.testng.reporters.JUnitReportReporter -->
<testsuite hostname="carol-computer" failures="0" tests="1" name="com.qa.fay.tests.HomePageTest" time="0.052" errors="0" timestamp="2024-02-18T23:16:15 CST" skipped="0">
  <testcase classname="com.qa.fay.tests.HomePageTest" name="homePageTitleTest" time="0.052"/>
</testsuite> <!-- com.qa.fay.tests.HomePageTest -->
